<?xml version="1.0" encoding="UTF-8"?>
<testng-results ignored="0" total="4" passed="4" failed="0" skipped="0">
  <reporter-output>
    <line>
      <![CDATA[Nodes are present]]>
    </line>
    <line>
      <![CDATA[Wallet Details are present]]>
    </line>
    <line>
      <![CDATA[Network name present]]>
    </line>
    <line>
      <![CDATA[Wallet address is present]]>
    </line>
    <line>
      <![CDATA[Nodes are present]]>
    </line>
    <line>
      <![CDATA[SignUp done]]>
    </line>
  </reporter-output>
  <suite started-at="2024-02-29T22:12:15 IST" name="xalts" finished-at="2024-02-29T22:12:46 IST" duration-ms="31369">
    <groups>
    </groups>
    <test started-at="2024-02-29T22:12:15 IST" name="Test" finished-at="2024-02-29T22:12:46 IST" duration-ms="31369">
      <class name="Test_Scripts.SignUP">
        <test-method signature="signUp()[pri:0, instance:Test_Scripts.SignUP@498d318c]" started-at="2024-02-29T22:12:33 IST" name="signUp" finished-at="2024-02-29T22:12:38 IST" duration-ms="5683" status="PASS">
          <reporter-output>
            <line>
              <![CDATA[SignUp done]]>
            </line>
          </reporter-output>
        </test-method> <!-- signUp -->
      </class> <!-- Test_Scripts.SignUP -->
      <class name="Test_Scripts.ExistingBlockchain">
        <test-method is-config="true" signature="launchBrowser()[pri:0, instance:Test_Scripts.ExistingBlockchain@5f058f00]" started-at="2024-02-29T22:12:15 IST" name="launchBrowser" finished-at="2024-02-29T22:12:19 IST" duration-ms="4446" status="PASS">
          <reporter-output>
          </reporter-output>
        </test-method> <!-- launchBrowser -->
        <test-method is-config="true" signature="login()[pri:0, instance:Test_Scripts.ExistingBlockchain@5f058f00]" started-at="2024-02-29T22:12:19 IST" name="login" finished-at="2024-02-29T22:12:20 IST" duration-ms="858" status="PASS">
          <reporter-output>
          </reporter-output>
        </test-method> <!-- login -->
        <test-method signature="Onboard_Nodes()[pri:0, instance:Test_Scripts.ExistingBlockchain@5f058f00]" started-at="2024-02-29T22:12:20 IST" name="Onboard_Nodes" finished-at="2024-02-29T22:12:25 IST" duration-ms="5112" status="PASS">
          <reporter-output>
            <line>
              <![CDATA[Nodes are present]]>
            </line>
            <line>
              <![CDATA[Wallet Details are present]]>
            </line>
          </reporter-output>
        </test-method> <!-- Onboard_Nodes -->
        <test-method is-config="true" signature="logout()[pri:0, instance:Test_Scripts.ExistingBlockchain@5f058f00]" started-at="2024-02-29T22:12:25 IST" name="logout" finished-at="2024-02-29T22:12:25 IST" duration-ms="74" status="PASS">
          <reporter-output>
          </reporter-output>
        </test-method> <!-- logout -->
        <test-method is-config="true" signature="closeBrowser()[pri:0, instance:Test_Scripts.ExistingBlockchain@5f058f00]" started-at="2024-02-29T22:12:25 IST" name="closeBrowser" finished-at="2024-02-29T22:12:26 IST" duration-ms="336" status="PASS">
          <reporter-output>
          </reporter-output>
        </test-method> <!-- closeBrowser -->
      </class> <!-- Test_Scripts.ExistingBlockchain -->
      <class name="Test_Scripts.PrivateBlockchain">
        <test-method is-config="true" signature="launchBrowser()[pri:0, instance:Test_Scripts.PrivateBlockchain@40ef3420]" started-at="2024-02-29T22:12:26 IST" name="launchBrowser" finished-at="2024-02-29T22:12:28 IST" duration-ms="2847" status="PASS">
          <reporter-output>
          </reporter-output>
        </test-method> <!-- launchBrowser -->
        <test-method is-config="true" signature="login()[pri:0, instance:Test_Scripts.PrivateBlockchain@40ef3420]" started-at="2024-02-29T22:12:28 IST" name="login" finished-at="2024-02-29T22:12:29 IST" duration-ms="866" status="PASS">
          <reporter-output>
          </reporter-output>
        </test-method> <!-- login -->
        <test-method signature="LaunchChildNetwork()[pri:0, instance:Test_Scripts.PrivateBlockchain@40ef3420]" started-at="2024-02-29T22:12:29 IST" name="LaunchChildNetwork" finished-at="2024-02-29T22:12:32 IST" duration-ms="3142" status="PASS">
          <reporter-output>
            <line>
              <![CDATA[Network name present]]>
            </line>
            <line>
              <![CDATA[Wallet address is present]]>
            </line>
            <line>
              <![CDATA[Nodes are present]]>
            </line>
          </reporter-output>
        </test-method> <!-- LaunchChildNetwork -->
        <test-method is-config="true" signature="logout()[pri:0, instance:Test_Scripts.PrivateBlockchain@40ef3420]" started-at="2024-02-29T22:12:32 IST" name="logout" finished-at="2024-02-29T22:12:33 IST" duration-ms="45" status="PASS">
          <reporter-output>
          </reporter-output>
        </test-method> <!-- logout -->
        <test-method is-config="true" signature="closeBrowser()[pri:0, instance:Test_Scripts.PrivateBlockchain@40ef3420]" started-at="2024-02-29T22:12:33 IST" name="closeBrowser" finished-at="2024-02-29T22:12:33 IST" duration-ms="264" status="PASS">
          <reporter-output>
          </reporter-output>
        </test-method> <!-- closeBrowser -->
      </class> <!-- Test_Scripts.PrivateBlockchain -->
      <class name="Test_Scripts.ExistingUser">
        <test-method signature="existing_user()[pri:0, instance:Test_Scripts.ExistingUser@6e171cd7]" started-at="2024-02-29T22:12:38 IST" name="existing_user" finished-at="2024-02-29T22:12:46 IST" duration-ms="7643" status="PASS">
          <reporter-output>
          </reporter-output>
        </test-method> <!-- existing_user -->
      </class> <!-- Test_Scripts.ExistingUser -->
    </test> <!-- Test -->
  </suite> <!-- xalts -->
</testng-results>
