<?xml version="1.0" encoding="UTF-8"?>
<!-- Generated by org.testng.reporters.JUnitXMLReporter -->
<testsuite ignored="0" hostname="BLRCT-C02GK3Q9M.local" failures="0" tests="4" name="Test" time="31.369" errors="0" timestamp="2024-02-29T22:12:46 IST">
  <testcase classname="Test_Scripts.ExistingBlockchain" name="Onboard_Nodes" time="5.112"/>
  <testcase classname="Test_Scripts.PrivateBlockchain" name="LaunchChildNetwork" time="3.142"/>
  <testcase classname="Test_Scripts.SignUP" name="signUp" time="5.683"/>
  <testcase classname="Test_Scripts.ExistingUser" name="existing_user" time="7.643"/>
</testsuite> <!-- Test -->
